<?xml version="1.0" encoding="UTF-8"?>
<!-- Generated by org.testng.reporters.JUnitReportReporter -->
<testsuite hostname="DESKTOP-TQMQT34" failures="0" tests="2" name="com.vittech.inetbanking.seleniumframework.testcases.LoginTC2" time="30.891" errors="0" timestamp="2025-03-05T15:25:02 IST" skipped="0">
  <testcase classname="com.vittech.inetbanking.seleniumframework.testcases.LoginTC2" name="verifyLoginPageTitle" time="0.034"/>
  <testcase classname="com.vittech.inetbanking.seleniumframework.testcases.LoginTC2" name="verifyLoginF" time="30.857"/>
</testsuite> <!-- com.vittech.inetbanking.seleniumframework.testcases.LoginTC2 -->
