<?xml version="1.0" encoding="UTF-8"?>
<!-- Generated by org.testng.reporters.JUnitReportReporter -->
<testsuite hostname="DESKTOP-TQMQT34" failures="0" tests="5" name="com.vittech.inetbanking.seleniumframework.testcases.HomePageTC" time="25.492" errors="0" timestamp="2025-03-11T16:04:22 IST" skipped="0">
  <testcase classname="com.vittech.inetbanking.seleniumframework.testcases.HomePageTC" name="validateNewCustomer" time="4.439"/>
  <testcase classname="com.vittech.inetbanking.seleniumframework.testcases.HomePageTC" name="validateNewCustomer" time="5.294"/>
  <testcase classname="com.vittech.inetbanking.seleniumframework.testcases.HomePageTC" name="validateNewCustomer" time="4.880"/>
  <testcase classname="com.vittech.inetbanking.seleniumframework.testcases.HomePageTC" name="validateNewCustomer" time="6.069"/>
  <testcase classname="com.vittech.inetbanking.seleniumframework.testcases.HomePageTC" name="validateNewCustomer" time="4.810"/>
</testsuite> <!-- com.vittech.inetbanking.seleniumframework.testcases.HomePageTC -->
