<?xml version="1.0" encoding="UTF-8"?>
<!-- Generated by org.testng.reporters.JUnitReportReporter -->
<testsuite hostname="DESKTOP-TQMQT34" failures="0" tests="3" name="com.vittech.inetbanking.seleniumframework.testcases.DataDrivenTC" time="15.892" errors="0" timestamp="2025-03-09T14:51:54 IST" skipped="0">
  <testcase classname="com.vittech.inetbanking.seleniumframework.testcases.DataDrivenTC" name="validateLoginFunctionality" time="4.801"/>
  <testcase classname="com.vittech.inetbanking.seleniumframework.testcases.DataDrivenTC" name="validateLoginFunctionality" time="5.784"/>
  <testcase classname="com.vittech.inetbanking.seleniumframework.testcases.DataDrivenTC" name="validateLoginFunctionality" time="5.307"/>
</testsuite> <!-- com.vittech.inetbanking.seleniumframework.testcases.DataDrivenTC -->
